                      :-) GROMACS - gmx mdrun, 2023.3 (-:

Copyright 1991-2023 The GROMACS Authors.
GROMACS is free software; you can redistribute it and/or modify it
under the terms of the GNU Lesser General Public License
as published by the Free Software Foundation; either version 2.1
of the License, or (at your option) any later version.

                         Current GROMACS contributors:
       Mark Abraham           Andrey Alekseenko           Cathrine Bergh      
      Christian Blau            Eliane Briand             Mahesh Doijade      
    Stefan Fleischmann           Vytas Gapsys              Gaurav Garg        
      Sergey Gorelov         Gilles Gouaillardet            Alan Gray         
     M. Eric Irrgang         Farzaneh Jalalypour            Joe Jordan        
    Christoph Junghans        Prashanth Kanduri          Sebastian Keller     
     Carsten Kutzner           Justin A. Lemkul          Magnus Lundborg      
       Pascal Merz              Vedran Miletic            Dmitry Morozov      
       Szilard Pall             Roland Schulz             Michael Shirts      
     Alexey Shvetsov            Balint Soproni         David van der Spoel    
      Philip Turner             Carsten Uphoff           Alessandra Villa     
 Sebastian Wingbermuehle        Artem Zhmurov       

                         Previous GROMACS contributors:
        Emile Apol             Rossen Apostolov           James Barnett       
  Herman J.C. Berendsen          Par Bjelkmar           Viacheslav Bolnykh    
        Kevin Boyd            Aldert van Buuren          Carlo Camilloni      
     Rudi van Drunen            Anton Feenstra           Oliver Fleetwood     
     Gerrit Groenhof            Bert de Groot             Anca Hamuraru       
    Vincent Hindriksen          Victor Holanda           Aleksei Iupinov      
   Dimitrios Karkoulis           Peter Kasson             Sebastian Kehl      
        Jiri Kraus               Per Larsson              Viveca Lindahl      
      Erik Marklund           Pieter Meulenhoff           Teemu Murtola       
       Sander Pronk             Alfons Sijbers            Peter Tieleman      
       Jon Vincent             Teemu Virolainen         Christian Wennberg    
       Maarten Wolf       

                  Coordinated by the GROMACS project leaders:
                    Paul Bauer, Berk Hess, and Erik Lindahl

GROMACS:      gmx mdrun, version 2023.3
Executable:   /usr/local/gromacs/bin/gmx_mpi
Data prefix:  /usr/local/gromacs
Working dir:  /home/diana/Escritorio/SimulacionFosforilacionPDB/MD/MD_Run
Process ID:   16877
Command line:
  gmx_mpi mdrun -v -deffnm 1BLJ_cg_eq1

GROMACS version:    2023.3
Precision:          mixed
Memory model:       64 bit
MPI library:        MPI
OpenMP support:     enabled (GMX_OPENMP_MAX_THREADS = 128)
GPU support:        disabled
SIMD instructions:  AVX_256
CPU FFT library:    fftw-3.3.8-sse2-avx-avx2-avx2_128
GPU FFT library:    none
Multi-GPU FFT:      none
RDTSCP usage:       enabled
TNG support:        enabled
Hwloc support:      disabled
Tracing support:    disabled
C compiler:         /usr/bin/cc GNU 11.4.0
C compiler flags:   -fexcess-precision=fast -funroll-all-loops -mavx -Wno-missing-field-initializers -O3 -DNDEBUG
C++ compiler:       /usr/bin/c++ GNU 11.4.0
C++ compiler flags: -fexcess-precision=fast -funroll-all-loops -mavx -Wno-missing-field-initializers -Wno-cast-function-type-strict -fopenmp -O3 -DNDEBUG
BLAS library:       External - detected on the system
LAPACK library:     External - detected on the system


Running on 1 node with total 4 cores, 4 processing units
Hardware detected on host Nadja-HP-245-G5-Notebook-PC (the node of MPI rank 0):
  CPU info:
    Vendor: AMD
    Brand:  AMD A8-7410 APU with AMD Radeon R5 Graphics    
    Family: 22   Model: 48   Stepping: 1
    Features: aes amd apic avx clfsh cmov cx8 cx16 f16c htt lahf misalignsse mmx msr nonstop_tsc pclmuldq pdpe1gb popcnt pse rdtscp sse2 sse3 sse4a sse4.1 sse4.2 ssse3
  Hardware topology: Basic
    Packages, cores, and logical processors:
    [indices refer to OS logical processors]
      Package  0: [   0] [   1] [   2] [   3]
    CPU limit set by OS: -1   Recommended max number of threads: 4


++++ PLEASE READ AND CITE THE FOLLOWING REFERENCE ++++
M. J. Abraham, T. Murtola, R. Schulz, S. Páll, J. C. Smith, B. Hess, E.
Lindahl
GROMACS: High performance molecular simulations through multi-level
parallelism from laptops to supercomputers
SoftwareX 1 (2015) pp. 19-25
-------- -------- --- Thank You --- -------- --------


++++ PLEASE READ AND CITE THE FOLLOWING REFERENCE ++++
S. Páll, M. J. Abraham, C. Kutzner, B. Hess, E. Lindahl
Tackling Exascale Software Challenges in Molecular Dynamics Simulations with
GROMACS
In S. Markidis & E. Laure (Eds.), Solving Software Challenges for Exascale 8759 (2015) pp. 3-27
-------- -------- --- Thank You --- -------- --------


++++ PLEASE READ AND CITE THE FOLLOWING REFERENCE ++++
S. Pronk, S. Páll, R. Schulz, P. Larsson, P. Bjelkmar, R. Apostolov, M. R.
Shirts, J. C. Smith, P. M. Kasson, D. van der Spoel, B. Hess, and E. Lindahl
GROMACS 4.5: a high-throughput and highly parallel open source molecular
simulation toolkit
Bioinformatics 29 (2013) pp. 845-54
-------- -------- --- Thank You --- -------- --------


++++ PLEASE READ AND CITE THE FOLLOWING REFERENCE ++++
B. Hess and C. Kutzner and D. van der Spoel and E. Lindahl
GROMACS 4: Algorithms for highly efficient, load-balanced, and scalable
molecular simulation
J. Chem. Theory Comput. 4 (2008) pp. 435-447
-------- -------- --- Thank You --- -------- --------


++++ PLEASE READ AND CITE THE FOLLOWING REFERENCE ++++
D. van der Spoel, E. Lindahl, B. Hess, G. Groenhof, A. E. Mark and H. J. C.
Berendsen
GROMACS: Fast, Flexible and Free
J. Comp. Chem. 26 (2005) pp. 1701-1719
-------- -------- --- Thank You --- -------- --------


++++ PLEASE READ AND CITE THE FOLLOWING REFERENCE ++++
E. Lindahl and B. Hess and D. van der Spoel
GROMACS 3.0: A package for molecular simulation and trajectory analysis
J. Mol. Mod. 7 (2001) pp. 306-317
-------- -------- --- Thank You --- -------- --------


++++ PLEASE READ AND CITE THE FOLLOWING REFERENCE ++++
H. J. C. Berendsen, D. van der Spoel and R. van Drunen
GROMACS: A message-passing parallel molecular dynamics implementation
Comp. Phys. Comm. 91 (1995) pp. 43-56
-------- -------- --- Thank You --- -------- --------


++++ PLEASE CITE THE DOI FOR THIS VERSION OF GROMACS ++++
https://doi.org/10.5281/zenodo.10017686
-------- -------- --- Thank You --- -------- --------

Input Parameters:
   integrator                     = md
   tinit                          = 0
   dt                             = 0.02
   nsteps                         = 250000
   init-step                      = 0
   simulation-part                = 1
   mts                            = false
   comm-mode                      = Linear
   nstcomm                        = 100
   bd-fric                        = 0
   ld-seed                        = -605564929
   emtol                          = 10
   emstep                         = 0.01
   niter                          = 20
   fcstep                         = 0
   nstcgsteep                     = 1000
   nbfgscorr                      = 10
   rtpi                           = 0.05
   nstxout                        = 0
   nstvout                        = 0
   nstfout                        = 0
   nstlog                         = 5000
   nstcalcenergy                  = 100
   nstenergy                      = 0
   nstxout-compressed             = 5000
   compressed-x-precision         = 1000
   cutoff-scheme                  = Verlet
   nstlist                        = 10
   pbc                            = xyz
   periodic-molecules             = false
   verlet-buffer-tolerance        = 0.005
   rlist                          = 1.2
   coulombtype                    = PME
   coulomb-modifier               = Potential-shift
   rcoulomb-switch                = 0
   rcoulomb                       = 1.2
   epsilon-r                      = 1
   epsilon-rf                     = inf
   vdw-type                       = Cut-off
   vdw-modifier                   = Potential-shift
   rvdw-switch                    = 0
   rvdw                           = 1.2
   DispCorr                       = No
   table-extension                = 1
   fourierspacing                 = 0.2
   fourier-nx                     = 48
   fourier-ny                     = 48
   fourier-nz                     = 48
   pme-order                      = 4
   ewald-rtol                     = 1e-05
   ewald-rtol-lj                  = 0.001
   lj-pme-comb-rule               = Geometric
   ewald-geometry                 = 3d
   epsilon-surface                = 0
   ensemble-temperature-setting   = constant
   ensemble-temperature           = 300
   tcoupl                         = V-rescale
   nsttcouple                     = 10
   nh-chain-length                = 0
   print-nose-hoover-chain-variables = false
   pcoupl                         = No
   pcoupltype                     = Isotropic
   nstpcouple                     = -1
   tau-p                          = 1
   compressibility (3x3):
      compressibility[    0]={ 0.00000e+00,  0.00000e+00,  0.00000e+00}
      compressibility[    1]={ 0.00000e+00,  0.00000e+00,  0.00000e+00}
      compressibility[    2]={ 0.00000e+00,  0.00000e+00,  0.00000e+00}
   ref-p (3x3):
      ref-p[    0]={ 0.00000e+00,  0.00000e+00,  0.00000e+00}
      ref-p[    1]={ 0.00000e+00,  0.00000e+00,  0.00000e+00}
      ref-p[    2]={ 0.00000e+00,  0.00000e+00,  0.00000e+00}
   refcoord-scaling               = No
   posres-com (3):
      posres-com[0]= 0.00000e+00
      posres-com[1]= 0.00000e+00
      posres-com[2]= 0.00000e+00
   posres-comB (3):
      posres-comB[0]= 0.00000e+00
      posres-comB[1]= 0.00000e+00
      posres-comB[2]= 0.00000e+00
   QMMM                           = false
qm-opts:
   ngQM                           = 0
   constraint-algorithm           = Lincs
   continuation                   = false
   Shake-SOR                      = false
   shake-tol                      = 0.0001
   lincs-order                    = 4
   lincs-iter                     = 1
   lincs-warnangle                = 30
   nwall                          = 0
   wall-type                      = 9-3
   wall-r-linpot                  = -1
   wall-atomtype[0]               = -1
   wall-atomtype[1]               = -1
   wall-density[0]                = 0
   wall-density[1]                = 0
   wall-ewald-zfac                = 3
   pull                           = false
   awh                            = false
   rotation                       = false
   interactiveMD                  = false
   disre                          = No
   disre-weighting                = Conservative
   disre-mixed                    = false
   dr-fc                          = 1000
   dr-tau                         = 0
   nstdisreout                    = 100
   orire-fc                       = 0
   orire-tau                      = 0
   nstorireout                    = 100
   free-energy                    = no
   cos-acceleration               = 0
   deform (3x3):
      deform[    0]={ 0.00000e+00,  0.00000e+00,  0.00000e+00}
      deform[    1]={ 0.00000e+00,  0.00000e+00,  0.00000e+00}
      deform[    2]={ 0.00000e+00,  0.00000e+00,  0.00000e+00}
   simulated-tempering            = false
   swapcoords                     = no
   userint1                       = 0
   userint2                       = 0
   userint3                       = 0
   userint4                       = 0
   userreal1                      = 0
   userreal2                      = 0
   userreal3                      = 0
   userreal4                      = 0
   applied-forces:
     electric-field:
       x:
         E0                       = 0
         omega                    = 0
         t0                       = 0
         sigma                    = 0
       y:
         E0                       = 0
         omega                    = 0
         t0                       = 0
         sigma                    = 0
       z:
         E0                       = 0
         omega                    = 0
         t0                       = 0
         sigma                    = 0
     density-guided-simulation:
       active                     = false
       group                      = protein
       similarity-measure         = inner-product
       atom-spreading-weight      = unity
       force-constant             = 1e+09
       gaussian-transform-spreading-width = 0.2
       gaussian-transform-spreading-range-in-multiples-of-width = 4
       reference-density-filename = reference.mrc
       nst                        = 1
       normalize-densities        = true
       adaptive-force-scaling     = false
       adaptive-force-scaling-time-constant = 4
       shift-vector               = 
       transformation-matrix      = 
     qmmm-cp2k:
       active                     = false
       qmgroup                    = System
       qmmethod                   = PBE
       qmfilenames                = 
       qmcharge                   = 0
       qmmultiplicity             = 1
grpopts:
   nrdf:      1661.8     22680.2
   ref-t:         300         300
   tau-t:           1           1
annealing:          No          No
annealing-npoints:           0           0
   acc:	           0           0           0
   nfreeze:           N           N           N
   energygrp-flags[  0]: 0

Changing nstlist from 10 to 25, rlist from 1.2 to 1.232

When checking whether update groups are usable:
  No constraints or virtual sites are in use, so it is best not to use update groups

Initializing Domain Decomposition on 1 ranks
Dynamic load balancing: auto
Minimum cell size due to atom displacement: 0.754 nm
Initial maximum distances in bonded interactions:
    two-body bonded interactions: 0.763 nm, LJ-14, atoms 83 86
  multi-body bonded interactions: 0.590 nm, Angle, atoms 341 343
Minimum cell size due to bonded interactions: 0.649 nm
Using 0 separate PME ranks because: there are too few total ranks for efficient splitting
Optimizing the DD grid for 1 cells with a minimum initial size of 0.754 nm
The maximum allowed number of cells is: X 10 Y 10 Z 10
Domain decomposition grid 1 x 1 x 1, separate PME ranks 0
PME domain decomposition: 1 x 1 x 1

The initial number of communication pulses is:
The initial domain decomposition cell size is:

The maximum allowed distance for atoms involved in interactions is:
                 non-bonded interactions           1.232 nm
            two-body bonded interactions  (-rdd)   1.232 nm
          multi-body bonded interactions  (-rdd)   1.232 nm

When dynamic load balancing gets turned on, these settings will change to:
The maximum number of communication pulses is:
The minimum size for domain decomposition cells is 1.232 nm
The requested allowed shrink of DD cells (option -dds) is: 0.80
The allowed shrink of domain decomposition cells is:
The maximum allowed distance for atoms involved in interactions is:
                 non-bonded interactions           1.232 nm
            two-body bonded interactions  (-rdd)   1.232 nm
          multi-body bonded interactions  (-rdd)   1.232 nm

Using 1 MPI process
Using 4 OpenMP threads 

System total charge: -0.000
Will do PME sum in reciprocal space for electrostatic interactions.

++++ PLEASE READ AND CITE THE FOLLOWING REFERENCE ++++
U. Essmann, L. Perera, M. L. Berkowitz, T. Darden, H. Lee and L. G. Pedersen 
A smooth particle mesh Ewald method
J. Chem. Phys. 103 (1995) pp. 8577-8592
-------- -------- --- Thank You --- -------- --------

Using a Gaussian width (1/beta) of 0.384195 nm for Ewald
Potential shift: LJ r^-12: -1.122e-01 r^-6: -3.349e-01, Ewald -8.333e-06
Initialized non-bonded Coulomb Ewald tables, spacing: 1.02e-03 size: 1176

Generated table with 1115 data points for 1-4 COUL.
Tabscale = 500 points/nm
Generated table with 1115 data points for 1-4 LJ6.
Tabscale = 500 points/nm
Generated table with 1115 data points for 1-4 LJ12.
Tabscale = 500 points/nm


Using SIMD 4x4 nonbonded short-range kernels

Using a dual 4x4 pair-list setup updated with dynamic pruning:
  outer list: updated every 25 steps, buffer 0.032 nm, rlist 1.232 nm
  inner list: updated every 21 steps, buffer 0.003 nm, rlist 1.203 nm
At tolerance 0.005 kJ/mol/ps per atom, equivalent classical 1x1 list would be:
  outer list: updated every 25 steps, buffer 0.197 nm, rlist 1.397 nm
  inner list: updated every 21 steps, buffer 0.146 nm, rlist 1.346 nm

The non-bonded pair calculation algorithm tolerates a few missing pair interactions close to the cut-off. This can lead to a systematic overestimation of the pressure due to missing LJ interactions. The error in the average pressure due to missing LJ interactions is at most 5.56 bar.
The pressure error can be controlled by setting the environment variable GMX_VERLET_BUFFER_PRESSURE_TOLERANCE to the allowed error in units of bar.

Using full Lennard-Jones parameter combination matrix
Removing pbc first time

Linking all bonded interactions to atoms


Pinning threads with an auto-selected logical cpu stride of 1

++++ PLEASE READ AND CITE THE FOLLOWING REFERENCE ++++
G. Bussi, D. Donadio and M. Parrinello
Canonical sampling through velocity rescaling
J. Chem. Phys. 126 (2007) pp. 014101
-------- -------- --- Thank You --- -------- --------

There are: 8115 Atoms
Atom distribution over 1 domains: av 8115 stddev 0 min 8115 max 8115
Center of mass motion removal mode is Linear
We have the following groups for center of mass motion removal:
  0:  rest
Initial temperature: 0 K

Started mdrun on rank 0 Mon Jun 17 12:52:27 2024

           Step           Time
              0        0.00000

   Energies (kJ/mol)
           Bond          Angle    Proper Dih. Per. Imp. Dih.          LJ-14
    9.52419e+03    8.57194e+02    4.65111e+03    1.39163e+02    2.58671e+02
     Coulomb-14        LJ (SR)   Coulomb (SR)   Coul. recip. Position Rest.
    2.81773e+03   -7.88540e+03   -1.76605e+05    8.34370e+03    0.00000e+00
      Potential    Kinetic En.   Total Energy  Conserved En.    Temperature
   -1.57899e+05    2.78763e+00   -1.57896e+05   -1.57896e+05    2.75470e-02
 Pressure (bar)
   -8.38142e+02

           Step           Time
           5000      100.00000

   Energies (kJ/mol)
           Bond          Angle    Proper Dih. Per. Imp. Dih.          LJ-14
    2.23595e+04    1.28155e+03    4.86504e+03    2.00901e+02    2.62809e+02
     Coulomb-14        LJ (SR)   Coulomb (SR)   Coul. recip. Position Rest.
    2.82465e+03   -4.74373e+03   -1.65996e+05    1.18410e+04    3.93664e+02
      Potential    Kinetic En.   Total Energy  Conserved En.    Temperature
   -1.26711e+05    2.97464e+04   -9.69643e+04   -1.58405e+05    2.93951e+02
 Pressure (bar)
    1.27009e+01

           Step           Time
          10000      200.00000

   Energies (kJ/mol)
           Bond          Angle    Proper Dih. Per. Imp. Dih.          LJ-14
    2.23472e+04    1.26725e+03    4.81251e+03    2.41380e+02    3.19935e+02
     Coulomb-14        LJ (SR)   Coulomb (SR)   Coul. recip. Position Rest.
    2.83597e+03   -4.49693e+03   -1.66821e+05    1.17395e+04    4.65391e+02
      Potential    Kinetic En.   Total Energy  Conserved En.    Temperature
   -1.27289e+05    3.01643e+04   -9.71249e+04   -1.59454e+05    2.98080e+02
 Pressure (bar)
    5.58221e+01

           Step           Time
          15000      300.00000

   Energies (kJ/mol)
           Bond          Angle    Proper Dih. Per. Imp. Dih.          LJ-14
    2.27929e+04    1.25767e+03    4.76467e+03    2.31585e+02    2.99144e+02
     Coulomb-14        LJ (SR)   Coulomb (SR)   Coul. recip. Position Rest.
    2.83294e+03   -4.41118e+03   -1.66722e+05    1.16891e+04    4.69617e+02
      Potential    Kinetic En.   Total Energy  Conserved En.    Temperature
   -1.26796e+05    3.06391e+04   -9.61567e+04   -1.60498e+05    3.02772e+02
 Pressure (bar)
   -2.85759e+01

           Step           Time
          20000      400.00000

   Energies (kJ/mol)
           Bond          Angle    Proper Dih. Per. Imp. Dih.          LJ-14
    2.19953e+04    1.20217e+03    4.81267e+03    2.18620e+02    3.26455e+02
     Coulomb-14        LJ (SR)   Coulomb (SR)   Coul. recip. Position Rest.
    2.85548e+03   -4.91481e+03   -1.66013e+05    1.17576e+04    4.72121e+02
      Potential    Kinetic En.   Total Energy  Conserved En.    Temperature
   -1.27288e+05    2.99879e+04   -9.72998e+04   -1.61594e+05    2.96336e+02
 Pressure (bar)
   -4.18932e+01

           Step           Time
          25000      500.00000

   Energies (kJ/mol)
           Bond          Angle    Proper Dih. Per. Imp. Dih.          LJ-14
    2.22264e+04    1.21764e+03    4.78058e+03    2.66694e+02    2.44848e+02
     Coulomb-14        LJ (SR)   Coulomb (SR)   Coul. recip. Position Rest.
    2.83956e+03   -4.29668e+03   -1.66616e+05    1.16327e+04    4.79030e+02
      Potential    Kinetic En.   Total Energy  Conserved En.    Temperature
   -1.27225e+05    3.00362e+04   -9.71893e+04   -1.62630e+05    2.96814e+02
 Pressure (bar)
    8.01785e+01

           Step           Time
          30000      600.00000

   Energies (kJ/mol)
           Bond          Angle    Proper Dih. Per. Imp. Dih.          LJ-14
    2.22342e+04    1.22315e+03    4.79875e+03    2.11321e+02    2.66490e+02
     Coulomb-14        LJ (SR)   Coulomb (SR)   Coul. recip. Position Rest.
    2.84234e+03   -4.84351e+03   -1.66144e+05    1.17266e+04    5.51361e+02
      Potential    Kinetic En.   Total Energy  Conserved En.    Temperature
   -1.27133e+05    3.00237e+04   -9.71095e+04   -1.63649e+05    2.96690e+02
 Pressure (bar)
    1.45952e+02

           Step           Time
          35000      700.00000

   Energies (kJ/mol)
           Bond          Angle    Proper Dih. Per. Imp. Dih.          LJ-14
    2.24362e+04    1.24360e+03    4.82263e+03    2.11574e+02    2.98902e+02
     Coulomb-14        LJ (SR)   Coulomb (SR)   Coul. recip. Position Rest.
    2.86338e+03   -4.68991e+03   -1.66458e+05    1.18948e+04    4.96565e+02
      Potential    Kinetic En.   Total Energy  Conserved En.    Temperature
   -1.26880e+05    3.03601e+04   -9.65200e+04   -1.64738e+05    3.00014e+02
 Pressure (bar)
    1.96759e+01

           Step           Time
          40000      800.00000

   Energies (kJ/mol)
           Bond          Angle    Proper Dih. Per. Imp. Dih.          LJ-14
    2.22747e+04    1.28655e+03    4.75521e+03    2.01296e+02    2.72459e+02
     Coulomb-14        LJ (SR)   Coulomb (SR)   Coul. recip. Position Rest.
    2.83418e+03   -4.55500e+03   -1.66479e+05    1.17483e+04    4.81463e+02
      Potential    Kinetic En.   Total Energy  Conserved En.    Temperature
   -1.27179e+05    3.04377e+04   -9.67418e+04   -1.65855e+05    3.00781e+02
 Pressure (bar)
   -2.67965e+01

           Step           Time
          45000      900.00000

   Energies (kJ/mol)
           Bond          Angle    Proper Dih. Per. Imp. Dih.          LJ-14
    2.23689e+04    1.29938e+03    4.79063e+03    2.16749e+02    2.61140e+02
     Coulomb-14        LJ (SR)   Coulomb (SR)   Coul. recip. Position Rest.
    2.87127e+03   -4.64102e+03   -1.66014e+05    1.18406e+04    5.25009e+02
      Potential    Kinetic En.   Total Energy  Conserved En.    Temperature
   -1.26481e+05    3.09997e+04   -9.54812e+04   -1.66917e+05    3.06335e+02
 Pressure (bar)
    5.76839e+01

           Step           Time
          50000     1000.00000

   Energies (kJ/mol)
           Bond          Angle    Proper Dih. Per. Imp. Dih.          LJ-14
    2.26686e+04    1.27381e+03    4.84538e+03    2.40511e+02    2.51613e+02
     Coulomb-14        LJ (SR)   Coulomb (SR)   Coul. recip. Position Rest.
    2.83692e+03   -4.51477e+03   -1.66783e+05    1.18035e+04    4.81090e+02
      Potential    Kinetic En.   Total Energy  Conserved En.    Temperature
   -1.26896e+05    3.02739e+04   -9.66223e+04   -1.68041e+05    2.99163e+02
 Pressure (bar)
    1.24253e+02

           Step           Time
          55000     1100.00000

   Energies (kJ/mol)
           Bond          Angle    Proper Dih. Per. Imp. Dih.          LJ-14
    2.23335e+04    1.31722e+03    4.81635e+03    1.80721e+02    3.01656e+02
     Coulomb-14        LJ (SR)   Coulomb (SR)   Coul. recip. Position Rest.
    2.86900e+03   -4.34312e+03   -1.66831e+05    1.16809e+04    4.72715e+02
      Potential    Kinetic En.   Total Energy  Conserved En.    Temperature
   -1.27202e+05    3.08195e+04   -9.63821e+04   -1.68940e+05    3.04555e+02
 Pressure (bar)
    1.67287e+02

           Step           Time
          60000     1200.00000

   Energies (kJ/mol)
           Bond          Angle    Proper Dih. Per. Imp. Dih.          LJ-14
    2.24537e+04    1.27142e+03    4.83568e+03    2.47543e+02    3.34958e+02
     Coulomb-14        LJ (SR)   Coulomb (SR)   Coul. recip. Position Rest.
    2.82444e+03   -4.89540e+03   -1.66043e+05    1.18996e+04    4.67723e+02
      Potential    Kinetic En.   Total Energy  Conserved En.    Temperature
   -1.26603e+05    3.08598e+04   -9.57436e+04   -1.70034e+05    3.04953e+02
 Pressure (bar)
    1.62087e+02

           Step           Time
          65000     1300.00000

   Energies (kJ/mol)
           Bond          Angle    Proper Dih. Per. Imp. Dih.          LJ-14
    2.24638e+04    1.26523e+03    4.81434e+03    1.81652e+02    3.09416e+02
     Coulomb-14        LJ (SR)   Coulomb (SR)   Coul. recip. Position Rest.
    2.82317e+03   -4.72131e+03   -1.66449e+05    1.17895e+04    4.34210e+02
      Potential    Kinetic En.   Total Energy  Conserved En.    Temperature
   -1.27089e+05    3.04871e+04   -9.66023e+04   -1.71069e+05    3.01270e+02
 Pressure (bar)
    2.49285e+01

           Step           Time
          70000     1400.00000

   Energies (kJ/mol)
           Bond          Angle    Proper Dih. Per. Imp. Dih.          LJ-14
    2.23091e+04    1.23644e+03    4.77371e+03    2.02880e+02    2.47034e+02
     Coulomb-14        LJ (SR)   Coulomb (SR)   Coul. recip. Position Rest.
    2.83965e+03   -4.98662e+03   -1.65990e+05    1.18656e+04    5.02995e+02
      Potential    Kinetic En.   Total Energy  Conserved En.    Temperature
   -1.26999e+05    3.02264e+04   -9.67729e+04   -1.72162e+05    2.98693e+02
 Pressure (bar)
    1.68975e+02

           Step           Time
          75000     1500.00000

   Energies (kJ/mol)
           Bond          Angle    Proper Dih. Per. Imp. Dih.          LJ-14
    2.22479e+04    1.34432e+03    4.82602e+03    2.26657e+02    2.51325e+02
     Coulomb-14        LJ (SR)   Coulomb (SR)   Coul. recip. Position Rest.
    2.84996e+03   -4.49734e+03   -1.66433e+05    1.17599e+04    4.57169e+02
      Potential    Kinetic En.   Total Energy  Conserved En.    Temperature
   -1.26967e+05    3.02837e+04   -9.66837e+04   -1.73293e+05    2.99260e+02
 Pressure (bar)
   -3.96065e+00

           Step           Time
          80000     1600.00000

   Energies (kJ/mol)
           Bond          Angle    Proper Dih. Per. Imp. Dih.          LJ-14
    2.29493e+04    1.27873e+03    4.81414e+03    2.05713e+02    2.86258e+02
     Coulomb-14        LJ (SR)   Coulomb (SR)   Coul. recip. Position Rest.
    2.83631e+03   -4.56576e+03   -1.66695e+05    1.18295e+04    4.38789e+02
      Potential    Kinetic En.   Total Energy  Conserved En.    Temperature
   -1.26622e+05    3.03374e+04   -9.62842e+04   -1.74238e+05    2.99791e+02
 Pressure (bar)
   -8.95431e+01

           Step           Time
          85000     1700.00000

   Energies (kJ/mol)
           Bond          Angle    Proper Dih. Per. Imp. Dih.          LJ-14
    2.25322e+04    1.28274e+03    4.79020e+03    1.94475e+02    2.77586e+02
     Coulomb-14        LJ (SR)   Coulomb (SR)   Coul. recip. Position Rest.
    2.84567e+03   -4.44989e+03   -1.66736e+05    1.16005e+04    4.86053e+02
      Potential    Kinetic En.   Total Energy  Conserved En.    Temperature
   -1.27177e+05    3.02368e+04   -9.69398e+04   -1.75379e+05    2.98797e+02
 Pressure (bar)
   -5.43248e+01

           Step           Time
          90000     1800.00000

   Energies (kJ/mol)
           Bond          Angle    Proper Dih. Per. Imp. Dih.          LJ-14
    2.23599e+04    1.13581e+03    4.81603e+03    2.08601e+02    2.76512e+02
     Coulomb-14        LJ (SR)   Coulomb (SR)   Coul. recip. Position Rest.
    2.84811e+03   -4.84576e+03   -1.66241e+05    1.16796e+04    4.77799e+02
      Potential    Kinetic En.   Total Energy  Conserved En.    Temperature
   -1.27285e+05    3.02422e+04   -9.70425e+04   -1.76535e+05    2.98850e+02
 Pressure (bar)
    5.96629e+01

           Step           Time
          95000     1900.00000

   Energies (kJ/mol)
           Bond          Angle    Proper Dih. Per. Imp. Dih.          LJ-14
    2.22922e+04    1.26405e+03    4.85450e+03    1.88340e+02    2.79760e+02
     Coulomb-14        LJ (SR)   Coulomb (SR)   Coul. recip. Position Rest.
    2.83827e+03   -4.96952e+03   -1.66212e+05    1.16788e+04    4.85707e+02
      Potential    Kinetic En.   Total Energy  Conserved En.    Temperature
   -1.27300e+05    3.04562e+04   -9.68441e+04   -1.77605e+05    3.00965e+02
 Pressure (bar)
    6.46136e+01

           Step           Time
         100000     2000.00000

   Energies (kJ/mol)
           Bond          Angle    Proper Dih. Per. Imp. Dih.          LJ-14
    2.21314e+04    1.14292e+03    4.88151e+03    2.21004e+02    2.55694e+02
     Coulomb-14        LJ (SR)   Coulomb (SR)   Coul. recip. Position Rest.
    2.80477e+03   -4.62587e+03   -1.65961e+05    1.17866e+04    4.86293e+02
      Potential    Kinetic En.   Total Energy  Conserved En.    Temperature
   -1.26877e+05    3.06534e+04   -9.62231e+04   -1.78755e+05    3.02913e+02
 Pressure (bar)
   -1.22415e+01

           Step           Time
         105000     2100.00000

   Energies (kJ/mol)
           Bond          Angle    Proper Dih. Per. Imp. Dih.          LJ-14
    2.19867e+04    1.28375e+03    4.84261e+03    2.12129e+02    2.36808e+02
     Coulomb-14        LJ (SR)   Coulomb (SR)   Coul. recip. Position Rest.
    2.82753e+03   -4.84958e+03   -1.65666e+05    1.18885e+04    5.27223e+02
      Potential    Kinetic En.   Total Energy  Conserved En.    Temperature
   -1.26711e+05    3.01544e+04   -9.65562e+04   -1.79865e+05    2.97982e+02
 Pressure (bar)
   -4.23571e+01

Writing checkpoint, step 109875 at Mon Jun 17 13:07:27 2024


           Step           Time
         110000     2200.00000

   Energies (kJ/mol)
           Bond          Angle    Proper Dih. Per. Imp. Dih.          LJ-14
    2.24580e+04    1.25061e+03    4.86237e+03    2.06399e+02    2.69061e+02
     Coulomb-14        LJ (SR)   Coulomb (SR)   Coul. recip. Position Rest.
    2.83607e+03   -5.12781e+03   -1.66221e+05    1.17532e+04    4.83474e+02
      Potential    Kinetic En.   Total Energy  Conserved En.    Temperature
   -1.27229e+05    3.02366e+04   -9.69927e+04   -1.80819e+05    2.98794e+02
 Pressure (bar)
   -8.34421e+01

           Step           Time
         115000     2300.00000

   Energies (kJ/mol)
           Bond          Angle    Proper Dih. Per. Imp. Dih.          LJ-14
    2.29015e+04    1.17506e+03    4.82694e+03    2.23048e+02    2.91550e+02
     Coulomb-14        LJ (SR)   Coulomb (SR)   Coul. recip. Position Rest.
    2.81306e+03   -4.56638e+03   -1.66702e+05    1.19137e+04    4.16405e+02
      Potential    Kinetic En.   Total Energy  Conserved En.    Temperature
   -1.26707e+05    3.00347e+04   -9.66725e+04   -1.81892e+05    2.96799e+02
 Pressure (bar)
    1.08590e+02

           Step           Time
         120000     2400.00000

   Energies (kJ/mol)
           Bond          Angle    Proper Dih. Per. Imp. Dih.          LJ-14
    2.21213e+04    1.19302e+03    4.79301e+03    2.27324e+02    2.91642e+02
     Coulomb-14        LJ (SR)   Coulomb (SR)   Coul. recip. Position Rest.
    2.85930e+03   -5.03391e+03   -1.65746e+05    1.18007e+04    4.62239e+02
      Potential    Kinetic En.   Total Energy  Conserved En.    Temperature
   -1.27032e+05    3.01271e+04   -9.69048e+04   -1.83042e+05    2.97712e+02
 Pressure (bar)
   -1.91958e+01

           Step           Time
         125000     2500.00000

   Energies (kJ/mol)
           Bond          Angle    Proper Dih. Per. Imp. Dih.          LJ-14
    2.21837e+04    1.24004e+03    4.88115e+03    1.94294e+02    2.89803e+02
     Coulomb-14        LJ (SR)   Coulomb (SR)   Coul. recip. Position Rest.
    2.84485e+03   -4.25525e+03   -1.66298e+05    1.17600e+04    5.06312e+02
      Potential    Kinetic En.   Total Energy  Conserved En.    Temperature
   -1.26653e+05    3.07204e+04   -9.59324e+04   -1.84092e+05    3.03575e+02
 Pressure (bar)
   -1.50094e+01

           Step           Time
         130000     2600.00000

   Energies (kJ/mol)
           Bond          Angle    Proper Dih. Per. Imp. Dih.          LJ-14
    2.21050e+04    1.21757e+03    4.81066e+03    1.97186e+02    2.82588e+02
     Coulomb-14        LJ (SR)   Coulomb (SR)   Coul. recip. Position Rest.
    2.84112e+03   -4.50020e+03   -1.66299e+05    1.19115e+04    5.13633e+02
      Potential    Kinetic En.   Total Energy  Conserved En.    Temperature
   -1.26920e+05    3.08884e+04   -9.60314e+04   -1.85217e+05    3.05235e+02
 Pressure (bar)
   -1.93730e+00

           Step           Time
         135000     2700.00000

   Energies (kJ/mol)
           Bond          Angle    Proper Dih. Per. Imp. Dih.          LJ-14
    2.22443e+04    1.19298e+03    4.79560e+03    2.13504e+02    2.70974e+02
     Coulomb-14        LJ (SR)   Coulomb (SR)   Coul. recip. Position Rest.
    2.84471e+03   -4.72013e+03   -1.66476e+05    1.16752e+04    5.58937e+02
      Potential    Kinetic En.   Total Energy  Conserved En.    Temperature
   -1.27400e+05    2.99430e+04   -9.74572e+04   -1.86302e+05    2.95893e+02
 Pressure (bar)
    4.65959e+01

           Step           Time
         140000     2800.00000

   Energies (kJ/mol)
           Bond          Angle    Proper Dih. Per. Imp. Dih.          LJ-14
    2.23909e+04    1.24761e+03    4.78407e+03    1.83052e+02    2.49317e+02
     Coulomb-14        LJ (SR)   Coulomb (SR)   Coul. recip. Position Rest.
    2.83408e+03   -4.51091e+03   -1.66805e+05    1.16991e+04    5.29962e+02
      Potential    Kinetic En.   Total Energy  Conserved En.    Temperature
   -1.27398e+05    3.03352e+04   -9.70626e+04   -1.87485e+05    2.99768e+02
 Pressure (bar)
   -1.47595e+02

           Step           Time
         145000     2900.00000

   Energies (kJ/mol)
           Bond          Angle    Proper Dih. Per. Imp. Dih.          LJ-14
    2.24883e+04    1.18220e+03    4.91277e+03    2.08415e+02    2.78254e+02
     Coulomb-14        LJ (SR)   Coulomb (SR)   Coul. recip. Position Rest.
    2.83281e+03   -4.75258e+03   -1.66721e+05    1.17038e+04    5.23954e+02
      Potential    Kinetic En.   Total Energy  Conserved En.    Temperature
   -1.27344e+05    3.05016e+04   -9.68420e+04   -1.88559e+05    3.01413e+02
 Pressure (bar)
    8.43286e+00

           Step           Time
         150000     3000.00000

   Energies (kJ/mol)
           Bond          Angle    Proper Dih. Per. Imp. Dih.          LJ-14
    2.20442e+04    1.22514e+03    4.85413e+03    1.76162e+02    3.09932e+02
     Coulomb-14        LJ (SR)   Coulomb (SR)   Coul. recip. Position Rest.
    2.86566e+03   -4.66401e+03   -1.66325e+05    1.18375e+04    4.43614e+02
      Potential    Kinetic En.   Total Energy  Conserved En.    Temperature
   -1.27233e+05    3.04836e+04   -9.67492e+04   -1.89382e+05    3.01235e+02
 Pressure (bar)
    8.47304e+01

           Step           Time
         155000     3100.00000

   Energies (kJ/mol)
           Bond          Angle    Proper Dih. Per. Imp. Dih.          LJ-14
    2.17312e+04    1.18266e+03    4.85133e+03    1.92887e+02    2.49745e+02
     Coulomb-14        LJ (SR)   Coulomb (SR)   Coul. recip. Position Rest.
    2.85915e+03   -4.90713e+03   -1.66248e+05    1.17781e+04    5.00698e+02
      Potential    Kinetic En.   Total Energy  Conserved En.    Temperature
   -1.27809e+05    3.01800e+04   -9.76288e+04   -1.90561e+05    2.98236e+02
 Pressure (bar)
    8.11596e+01

           Step           Time
         160000     3200.00000

   Energies (kJ/mol)
           Bond          Angle    Proper Dih. Per. Imp. Dih.          LJ-14
    2.19712e+04    1.13868e+03    4.76933e+03    2.04483e+02    2.94537e+02
     Coulomb-14        LJ (SR)   Coulomb (SR)   Coul. recip. Position Rest.
    2.84606e+03   -4.79991e+03   -1.66353e+05    1.17163e+04    4.86236e+02
      Potential    Kinetic En.   Total Energy  Conserved En.    Temperature
   -1.27727e+05    3.03291e+04   -9.73975e+04   -1.91632e+05    2.99708e+02
 Pressure (bar)
    1.15161e+02

           Step           Time
         165000     3300.00000

   Energies (kJ/mol)
           Bond          Angle    Proper Dih. Per. Imp. Dih.          LJ-14
    2.19687e+04    1.17614e+03    4.81853e+03    1.95881e+02    2.77932e+02
     Coulomb-14        LJ (SR)   Coulomb (SR)   Coul. recip. Position Rest.
    2.87383e+03   -4.88743e+03   -1.65940e+05    1.17158e+04    5.02993e+02
      Potential    Kinetic En.   Total Energy  Conserved En.    Temperature
   -1.27297e+05    3.03977e+04   -9.68995e+04   -1.92701e+05    3.00386e+02
 Pressure (bar)
   -5.75810e+01

           Step           Time
         170000     3400.00000

   Energies (kJ/mol)
           Bond          Angle    Proper Dih. Per. Imp. Dih.          LJ-14
    2.26522e+04    1.18780e+03    4.84075e+03    1.90538e+02    2.89549e+02
     Coulomb-14        LJ (SR)   Coulomb (SR)   Coul. recip. Position Rest.
    2.84333e+03   -4.79063e+03   -1.66298e+05    1.19500e+04    5.61675e+02
      Potential    Kinetic En.   Total Energy  Conserved En.    Temperature
   -1.26573e+05    3.06136e+04   -9.59593e+04   -1.93658e+05    3.02520e+02
 Pressure (bar)
   -9.01685e+01

           Step           Time
         175000     3500.00000

   Energies (kJ/mol)
           Bond          Angle    Proper Dih. Per. Imp. Dih.          LJ-14
    2.22219e+04    1.16465e+03    4.80487e+03    1.85258e+02    2.99228e+02
     Coulomb-14        LJ (SR)   Coulomb (SR)   Coul. recip. Position Rest.
    2.86949e+03   -4.53275e+03   -1.66332e+05    1.17925e+04    5.78632e+02
      Potential    Kinetic En.   Total Energy  Conserved En.    Temperature
   -1.26948e+05    3.04838e+04   -9.64643e+04   -1.94666e+05    3.01237e+02
 Pressure (bar)
    9.19785e+01

           Step           Time
         180000     3600.00000

   Energies (kJ/mol)
           Bond          Angle    Proper Dih. Per. Imp. Dih.          LJ-14
    2.23656e+04    1.16480e+03    4.80371e+03    2.07558e+02    2.86910e+02
     Coulomb-14        LJ (SR)   Coulomb (SR)   Coul. recip. Position Rest.
    2.86181e+03   -4.27290e+03   -1.66617e+05    1.17249e+04    5.46461e+02
      Potential    Kinetic En.   Total Energy  Conserved En.    Temperature
   -1.26928e+05    3.03837e+04   -9.65443e+04   -1.95756e+05    3.00248e+02
 Pressure (bar)
    1.36122e+02

           Step           Time
         185000     3700.00000

   Energies (kJ/mol)
           Bond          Angle    Proper Dih. Per. Imp. Dih.          LJ-14
    2.23938e+04    1.17981e+03    4.87173e+03    1.82244e+02    2.48029e+02
     Coulomb-14        LJ (SR)   Coulomb (SR)   Coul. recip. Position Rest.
    2.88696e+03   -4.39830e+03   -1.66474e+05    1.17880e+04    5.68795e+02
      Potential    Kinetic En.   Total Energy  Conserved En.    Temperature
   -1.26753e+05    3.02227e+04   -9.65300e+04   -1.96889e+05    2.98657e+02
 Pressure (bar)
    1.29264e+02

           Step           Time
         190000     3800.00000

   Energies (kJ/mol)
           Bond          Angle    Proper Dih. Per. Imp. Dih.          LJ-14
    2.23374e+04    1.16495e+03    4.86528e+03    1.95836e+02    2.61727e+02
     Coulomb-14        LJ (SR)   Coulomb (SR)   Coul. recip. Position Rest.
    2.88904e+03   -4.84647e+03   -1.66217e+05    1.19342e+04    5.21616e+02
      Potential    Kinetic En.   Total Energy  Conserved En.    Temperature
   -1.26893e+05    2.99720e+04   -9.69213e+04   -1.97961e+05    2.96179e+02
 Pressure (bar)
   -1.49365e+01

           Step           Time
         195000     3900.00000

   Energies (kJ/mol)
           Bond          Angle    Proper Dih. Per. Imp. Dih.          LJ-14
    2.20722e+04    1.09669e+03    4.78095e+03    1.92894e+02    2.76941e+02
     Coulomb-14        LJ (SR)   Coulomb (SR)   Coul. recip. Position Rest.
    2.87704e+03   -4.53550e+03   -1.66308e+05    1.17883e+04    5.15133e+02
      Potential    Kinetic En.   Total Energy  Conserved En.    Temperature
   -1.27244e+05    3.02066e+04   -9.70370e+04   -1.99046e+05    2.98498e+02
 Pressure (bar)
    6.76955e+01

           Step           Time
         200000     4000.00000

   Energies (kJ/mol)
           Bond          Angle    Proper Dih. Per. Imp. Dih.          LJ-14
    2.17186e+04    1.17459e+03    4.84522e+03    2.10902e+02    2.83609e+02
     Coulomb-14        LJ (SR)   Coulomb (SR)   Coul. recip. Position Rest.
    2.87712e+03   -5.24763e+03   -1.65888e+05    1.18068e+04    5.21140e+02
      Potential    Kinetic En.   Total Energy  Conserved En.    Temperature
   -1.27698e+05    2.98881e+04   -9.78096e+04   -2.00169e+05    2.95350e+02
 Pressure (bar)
   -2.48763e+01

           Step           Time
         205000     4100.00000

   Energies (kJ/mol)
           Bond          Angle    Proper Dih. Per. Imp. Dih.          LJ-14
    2.23986e+04    1.10837e+03    4.84202e+03    1.86798e+02    2.81727e+02
     Coulomb-14        LJ (SR)   Coulomb (SR)   Coul. recip. Position Rest.
    2.86239e+03   -4.56589e+03   -1.66744e+05    1.17014e+04    5.67762e+02
      Potential    Kinetic En.   Total Energy  Conserved En.    Temperature
   -1.27360e+05    3.05515e+04   -9.68088e+04   -2.01163e+05    3.01906e+02
 Pressure (bar)
    1.20223e+02

           Step           Time
         210000     4200.00000

   Energies (kJ/mol)
           Bond          Angle    Proper Dih. Per. Imp. Dih.          LJ-14
    2.21859e+04    1.14634e+03    4.81187e+03    1.91706e+02    2.86683e+02
     Coulomb-14        LJ (SR)   Coulomb (SR)   Coul. recip. Position Rest.
    2.86889e+03   -4.26148e+03   -1.66246e+05    1.17959e+04    5.43527e+02
      Potential    Kinetic En.   Total Energy  Conserved En.    Temperature
   -1.26677e+05    3.00252e+04   -9.66515e+04   -2.02235e+05    2.96705e+02
 Pressure (bar)
    1.09579e+02

           Step           Time
         215000     4300.00000

   Energies (kJ/mol)
           Bond          Angle    Proper Dih. Per. Imp. Dih.          LJ-14
    2.18689e+04    1.17183e+03    4.81140e+03    1.62811e+02    2.88482e+02
     Coulomb-14        LJ (SR)   Coulomb (SR)   Coul. recip. Position Rest.
    2.87722e+03   -4.76570e+03   -1.65877e+05    1.18091e+04    5.35794e+02
      Potential    Kinetic En.   Total Energy  Conserved En.    Temperature
   -1.27118e+05    3.10200e+04   -9.60976e+04   -2.03212e+05    3.06536e+02
 Pressure (bar)
   -1.38353e+01

           Step           Time
         220000     4400.00000

   Energies (kJ/mol)
           Bond          Angle    Proper Dih. Per. Imp. Dih.          LJ-14
    2.23712e+04    1.20040e+03    4.77906e+03    2.14122e+02    3.29668e+02
     Coulomb-14        LJ (SR)   Coulomb (SR)   Coul. recip. Position Rest.
    2.87596e+03   -4.53956e+03   -1.66455e+05    1.18073e+04    5.16438e+02
      Potential    Kinetic En.   Total Energy  Conserved En.    Temperature
   -1.26900e+05    3.06821e+04   -9.62179e+04   -2.04291e+05    3.03197e+02
 Pressure (bar)
    5.61162e+01

Writing checkpoint, step 220425 at Mon Jun 17 13:22:27 2024


           Step           Time
         225000     4500.00000

   Energies (kJ/mol)
           Bond          Angle    Proper Dih. Per. Imp. Dih.          LJ-14
    2.22309e+04    1.10936e+03    4.84605e+03    2.20310e+02    2.90050e+02
     Coulomb-14        LJ (SR)   Coulomb (SR)   Coul. recip. Position Rest.
    2.87847e+03   -4.57788e+03   -1.66345e+05    1.17509e+04    5.55482e+02
      Potential    Kinetic En.   Total Energy  Conserved En.    Temperature
   -1.27041e+05    3.03431e+04   -9.66984e+04   -2.05323e+05    2.99847e+02
 Pressure (bar)
    5.42970e+01

           Step           Time
         230000     4600.00000

   Energies (kJ/mol)
           Bond          Angle    Proper Dih. Per. Imp. Dih.          LJ-14
    2.25941e+04    1.19888e+03    4.79512e+03    1.68288e+02    2.63638e+02
     Coulomb-14        LJ (SR)   Coulomb (SR)   Coul. recip. Position Rest.
    2.84844e+03   -4.63904e+03   -1.66108e+05    1.18194e+04    5.62332e+02
      Potential    Kinetic En.   Total Energy  Conserved En.    Temperature
   -1.26497e+05    2.98857e+04   -9.66109e+04   -2.06400e+05    2.95327e+02
 Pressure (bar)
    1.12942e+02

           Step           Time
         235000     4700.00000

   Energies (kJ/mol)
           Bond          Angle    Proper Dih. Per. Imp. Dih.          LJ-14
    2.23759e+04    1.17947e+03    4.86933e+03    2.08639e+02    2.44496e+02
     Coulomb-14        LJ (SR)   Coulomb (SR)   Coul. recip. Position Rest.
    2.85491e+03   -4.64616e+03   -1.66800e+05    1.16964e+04    5.23205e+02
      Potential    Kinetic En.   Total Energy  Conserved En.    Temperature
   -1.27494e+05    3.04931e+04   -9.70006e+04   -2.07504e+05    3.01329e+02
 Pressure (bar)
   -6.64392e+01

           Step           Time
         240000     4800.00000

   Energies (kJ/mol)
           Bond          Angle    Proper Dih. Per. Imp. Dih.          LJ-14
    2.24273e+04    1.25669e+03    4.74209e+03    1.69269e+02    2.61974e+02
     Coulomb-14        LJ (SR)   Coulomb (SR)   Coul. recip. Position Rest.
    2.83917e+03   -4.40626e+03   -1.66599e+05    1.17359e+04    5.36996e+02
      Potential    Kinetic En.   Total Energy  Conserved En.    Temperature
   -1.27036e+05    3.02207e+04   -9.68155e+04   -2.08556e+05    2.98637e+02
 Pressure (bar)
    8.19669e+01

           Step           Time
         245000     4900.00000

   Energies (kJ/mol)
           Bond          Angle    Proper Dih. Per. Imp. Dih.          LJ-14
    2.25701e+04    1.25509e+03    4.78582e+03    1.92762e+02    2.94188e+02
     Coulomb-14        LJ (SR)   Coulomb (SR)   Coul. recip. Position Rest.
    2.85648e+03   -4.86200e+03   -1.66433e+05    1.17340e+04    5.44399e+02
      Potential    Kinetic En.   Total Energy  Conserved En.    Temperature
   -1.27062e+05    3.04199e+04   -9.66418e+04   -2.09625e+05    3.00606e+02
 Pressure (bar)
    1.75054e+02

           Step           Time
         250000     5000.00000

Writing checkpoint, step 250000 at Mon Jun 17 13:26:14 2024


   Energies (kJ/mol)
           Bond          Angle    Proper Dih. Per. Imp. Dih.          LJ-14
    2.22946e+04    1.18952e+03    4.72035e+03    1.95193e+02    2.76536e+02
     Coulomb-14        LJ (SR)   Coulomb (SR)   Coul. recip. Position Rest.
    2.87173e+03   -4.58633e+03   -1.66712e+05    1.16765e+04    6.24004e+02
      Potential    Kinetic En.   Total Energy  Conserved En.    Temperature
   -1.27450e+05    3.06869e+04   -9.67632e+04   -2.10786e+05    3.03244e+02
 Pressure (bar)
    2.96196e+02


Energy conservation over simulation part #1 of length 5000 ps, time 0 to 5000 ps
  Conserved energy drift: -1.30e-03 kJ/mol/ps per atom


	<======  ###############  ==>
	<====  A V E R A G E S  ====>
	<==  ###############  ======>

	Statistics over 250001 steps using 2501 frames

   Energies (kJ/mol)
           Bond          Angle    Proper Dih. Per. Imp. Dih.          LJ-14
    2.23274e+04    1.20890e+03    4.82637e+03    2.06581e+02    2.75464e+02
     Coulomb-14        LJ (SR)   Coulomb (SR)   Coul. recip. Position Rest.
    2.84902e+03   -4.65418e+03   -1.66406e+05    1.17802e+04    5.01479e+02
      Potential    Kinetic En.   Total Energy  Conserved En.    Temperature
   -1.27085e+05    3.03244e+04   -9.67601e+04   -1.84045e+05    2.99662e+02
 Pressure (bar)
    6.82317e+00

   Total Virial (kJ/mol)
    9.91770e+03   -5.44208e+01    1.71770e+02
   -5.44210e+01    9.87715e+03   -2.34203e+02
    1.71771e+02   -2.34202e+02    1.01225e+04

   Pressure (bar)
    9.57334e+00    2.80159e+00   -8.66541e+00
    2.80160e+00    1.16808e+01    1.17835e+01
   -8.66544e+00    1.17835e+01   -7.84617e-01

      T-ProteinT-SIRAH-Solvent
    3.01444e+02    2.99532e+02


	M E G A - F L O P S   A C C O U N T I N G

 NB=Group-cutoff nonbonded kernels    NxN=N-by-N cluster Verlet kernels
 RF=Reaction-Field  VdW=Van der Waals  QSTab=quadratic-spline table
 W3=SPC/TIP3p  W4=TIP4p (single or pairs)
 V&F=Potential and force  V=Potential only  F=Force only

 Computing:                               M-Number         M-Flops  % Flops
-----------------------------------------------------------------------------
 Pair Search distance check           11252.383774      101271.454     0.4
 NxN Ewald Elec. + LJ [F]            267445.592824    17651409.126    64.3
 NxN Ewald Elec. + LJ [V&F]            2702.637088      289182.168     1.1
 NxN LJ [F]                             140.007888        4620.260     0.0
 NxN LJ [V&F]                             1.379440          59.316     0.0
 NxN Ewald Elec. [F]                   6412.488232      391161.782     1.4
 NxN Ewald Elec. [V&F]                   64.839680        5446.533     0.0
 1,4 nonbonded interactions             187.250749       16852.567     0.1
 Calc Weights                          6086.274345      219105.876     0.8
 Spread Q Bspline                    129840.519360      259681.039     0.9
 Gather F Bspline                    129840.519360      779043.116     2.8
 3D-FFT                              926481.705912     7411853.647    27.0
 Solve PME                              576.002304       36864.147     0.1
 Reset In Box                            81.158115         243.474     0.0
 CG-CoM                                  81.166230         243.499     0.0
 Bonds                                 2982.761931      175982.954     0.6
 Angles                                 163.500654       27468.110     0.1
 Propers                                339.501358       77745.811     0.3
 Impropers                               24.750099        5148.021     0.0
 Pos. Restr.                            138.500554        6925.028     0.0
 Virial                                  20.408160         367.347     0.0
 Stop-CM                                 20.303730         203.037     0.0
 Calc-Ekin                              405.766230       10955.688     0.0
-----------------------------------------------------------------------------
 Total                                                27471834.002   100.0
-----------------------------------------------------------------------------


    D O M A I N   D E C O M P O S I T I O N   S T A T I S T I C S

 av. #atoms communicated per step for force:  2 x 0.0


      R E A L   C Y C L E   A N D   T I M E   A C C O U N T I N G

On 1 MPI rank, each using 4 OpenMP threads

 Activity:              Num   Num      Call    Wall time         Giga-Cycles
                        Ranks Threads  Count      (s)         total sum    %
--------------------------------------------------------------------------------
 Domain decomp.            1    4      10001      25.658        225.358   1.3
 Neighbor search           1    4      10001      52.684        462.742   2.6
 Force                     1    4     250001    1031.426       9059.333  50.9
 PME mesh                  1    4     250001     797.608       7005.633  39.3
 NB X/F buffer ops.        1    4     490001      62.355        547.687   3.1
 Write traj.               1    4         53       0.605          5.311   0.0
 Update                    1    4     250001      39.166        344.009   1.9
 Rest                                             17.561        154.246   0.9
--------------------------------------------------------------------------------
 Total                                          2027.064      17804.319 100.0
--------------------------------------------------------------------------------
 Breakdown of PME mesh activities
--------------------------------------------------------------------------------
 PME spread                1    4     250001     211.549       1858.100  10.4
 PME gather                1    4     250001     212.317       1864.841  10.5
 PME 3D-FFT                1    4     500002     326.295       2865.952  16.1
 PME solve Elec            1    4     250001      42.457        372.916   2.1
--------------------------------------------------------------------------------

               Core t (s)   Wall t (s)        (%)
       Time:     8108.254     2027.064      400.0
                         33:47
                 (ns/day)    (hour/ns)
Performance:      213.117        0.113
Finished mdrun on rank 0 Mon Jun 17 13:26:14 2024

